
Showing logs for build [32mcb-kubecd-environment-pr-120-61-pxkn8-1[0m stage [32mfrom-build-pack[0m and container [32mstep-credential-initializer-9btzh[0m
{"level":"warn","ts":1577579725.8221586,"logger":"fallback-logger","caller":"logging/config.go:69","msg":"Fetch GitHub commit ID from kodata failed: \"ref: refs/heads/master\" is not a valid GitHub commit ID"}
{"level":"info","ts":1577579725.8226178,"logger":"fallback-logger","caller":"creds-init/main.go:40","msg":"Credentials initialized."}

Showing logs for build [32mcb-kubecd-environment-pr-120-61-pxkn8-1[0m stage [32mfrom-build-pack[0m and container [32mstep-working-dir-initializer-6d7x7[0m
{"level":"warn","ts":1577579727.2835245,"logger":"fallback-logger","caller":"logging/config.go:69","msg":"Fetch GitHub commit ID from kodata failed: open /var/run/ko/HEAD: no such file or directory"}
{"level":"info","ts":1577579727.285186,"logger":"fallback-logger","caller":"bash/main.go:65","msg":"Successfully executed command \"mkdir -p /workspace/source\""}

Showing logs for build [32mcb-kubecd-environment-pr-120-61-pxkn8-1[0m stage [32mfrom-build-pack[0m and container [32mstep-place-tools[0m

Showing logs for build [32mcb-kubecd-environment-pr-120-61-pxkn8-1[0m stage [32mfrom-build-pack[0m and container [32mstep-git-source-cb-kubecd-environment-pr-120-61-zjhv8[0m
{"level":"warn","ts":1577579731.3167624,"logger":"fallback-logger","caller":"logging/config.go:69","msg":"Fetch GitHub commit ID from kodata failed: \"ref: refs/heads/master\" is not a valid GitHub commit ID"}
{"level":"info","ts":1577579732.4639034,"logger":"fallback-logger","caller":"git/git.go:102","msg":"Successfully cloned https://github.com/cb-kubecd/environment-pr-120-61-boot-gke-staging.git @ master in path /workspace/source"}

Showing logs for build [32mcb-kubecd-environment-pr-120-61-pxkn8-1[0m stage [32mfrom-build-pack[0m and container [32mstep-git-merge[0m
Using SHAs from PULL_REFS=master:13cb7d535a2f33a98f5d03ff0befd19e6bc202a0,1:07640877814a3a94a92221502631d9e055b9e6fb
DEBUG: ran git fetch --unshallow origin 07640877814a3a94a92221502631d9e055b9e6fb: 13cb7d535a2f33a98f5d03ff0befd19e6bc202a0: in 
DEBUG: ran git checkout master in 
DEBUG: ran git reset --hard 13cb7d535a2f33a98f5d03ff0befd19e6bc202a0 in 
DEBUG: ran clean --force -d . in 
DEBUG: ran git merge 07640877814a3a94a92221502631d9e055b9e6fb in 
Merged SHA 07640877814a3a94a92221502631d9e055b9e6fb with commit message 'chore: Promote bdd-spring-1577579387 to version 0.0.1' into base branch master

Showing logs for build [32mcb-kubecd-environment-pr-120-61-pxkn8-1[0m stage [32mfrom-build-pack[0m and container [32mstep-build-helm-build[0m
WARNING: No $CHART_REPOSITORY defined so using the default value of: http://jenkins-x-chartmuseum:8080
Adding missing Helm repo: storage.googleapis.com https://storage.googleapis.com/chartmuseum.jenkins-x.io
WARNING: No secrets found on "helm/repos" due: reading the secret "helm/repos" from vault: no secret "helm/repos" not found in vault
Read credentials for https://storage.googleapis.com/chartmuseum.jenkins-x.io from vault helm/repos
Successfully added Helm repository storage.googleapis.com.
Adding missing Helm repo: jenkins-x-chartmuseum http://jenkins-x-chartmuseum:8080
WARNING: No secrets found on "helm/repos" due: reading the secret "helm/repos" from vault: no secret "helm/repos" not found in vault
Read credentials for http://jenkins-x-chartmuseum:8080 from vault helm/repos
Successfully added Helm repository jenkins-x-chartmuseum.
WARNING: No $CHART_REPOSITORY defined so using the default value of: http://jenkins-x-chartmuseum:8080
Adding missing Helm repo: chartmuseum.jenkins-x.io http://chartmuseum.jenkins-x.io
WARNING: No secrets found on "helm/repos" due: reading the secret "helm/repos" from vault: no secret "helm/repos" not found in vault
Read credentials for http://chartmuseum.jenkins-x.io from vault helm/repos
Successfully added Helm repository chartmuseum.jenkins-x.io.
