
Showing logs for build [32mcb-kubecd-environment-pr-120-61-d9pls-1[0m stage [32mfrom-build-pack[0m and container [32mstep-credential-initializer-ztlv9[0m
{"level":"warn","ts":1577584397.8411105,"logger":"fallback-logger","caller":"logging/config.go:69","msg":"Fetch GitHub commit ID from kodata failed: \"ref: refs/heads/master\" is not a valid GitHub commit ID"}
{"level":"info","ts":1577584397.8488257,"logger":"fallback-logger","caller":"creds-init/main.go:40","msg":"Credentials initialized."}

Showing logs for build [32mcb-kubecd-environment-pr-120-61-d9pls-1[0m stage [32mfrom-build-pack[0m and container [32mstep-working-dir-initializer-mvm6b[0m
{"level":"warn","ts":1577584399.4232407,"logger":"fallback-logger","caller":"logging/config.go:69","msg":"Fetch GitHub commit ID from kodata failed: open /var/run/ko/HEAD: no such file or directory"}
{"level":"info","ts":1577584399.4266746,"logger":"fallback-logger","caller":"bash/main.go:65","msg":"Successfully executed command \"mkdir -p /workspace/source\""}

Showing logs for build [32mcb-kubecd-environment-pr-120-61-d9pls-1[0m stage [32mfrom-build-pack[0m and container [32mstep-place-tools[0m

Showing logs for build [32mcb-kubecd-environment-pr-120-61-d9pls-1[0m stage [32mfrom-build-pack[0m and container [32mstep-git-source-cb-kubecd-environment-pr-120-61-gnnfx[0m
{"level":"warn","ts":1577584405.9718482,"logger":"fallback-logger","caller":"logging/config.go:69","msg":"Fetch GitHub commit ID from kodata failed: \"ref: refs/heads/master\" is not a valid GitHub commit ID"}
{"level":"info","ts":1577584407.1749947,"logger":"fallback-logger","caller":"git/git.go:102","msg":"Successfully cloned https://github.com/cb-kubecd/environment-pr-120-61-boot-gke-staging.git @ master in path /workspace/source"}

Showing logs for build [32mcb-kubecd-environment-pr-120-61-d9pls-1[0m stage [32mfrom-build-pack[0m and container [32mstep-git-merge[0m
Using SHAs from PULL_REFS=master:62915919e92c990b056726f9594b73e6b942b306,8:ac5a8202225e3ff0bede15afbed5e966ae2a4190
DEBUG: ran git fetch --unshallow origin ac5a8202225e3ff0bede15afbed5e966ae2a4190: 62915919e92c990b056726f9594b73e6b942b306: in 
DEBUG: ran git checkout master in 
DEBUG: ran git reset --hard 62915919e92c990b056726f9594b73e6b942b306 in 
DEBUG: ran clean --force -d . in 
DEBUG: ran git merge ac5a8202225e3ff0bede15afbed5e966ae2a4190 in 
Merged SHA ac5a8202225e3ff0bede15afbed5e966ae2a4190 with commit message 'chore: Promote bdd-sbrp-import-1577582715 to version 0.0.1' into base branch master

Showing logs for build [32mcb-kubecd-environment-pr-120-61-d9pls-1[0m stage [32mfrom-build-pack[0m and container [32mstep-build-helm-build[0m
WARNING: No $CHART_REPOSITORY defined so using the default value of: http://jenkins-x-chartmuseum:8080
Adding missing Helm repo: storage.googleapis.com https://storage.googleapis.com/chartmuseum.jenkins-x.io
WARNING: No secrets found on "helm/repos" due: reading the secret "helm/repos" from vault: no secret "helm/repos" not found in vault
Read credentials for https://storage.googleapis.com/chartmuseum.jenkins-x.io from vault helm/repos
Successfully added Helm repository storage.googleapis.com.
Adding missing Helm repo: jenkins-x-chartmuseum http://jenkins-x-chartmuseum:8080
WARNING: No secrets found on "helm/repos" due: reading the secret "helm/repos" from vault: no secret "helm/repos" not found in vault
Read credentials for http://jenkins-x-chartmuseum:8080 from vault helm/repos
Successfully added Helm repository jenkins-x-chartmuseum.
WARNING: No $CHART_REPOSITORY defined so using the default value of: http://jenkins-x-chartmuseum:8080
Adding missing Helm repo: chartmuseum.jenkins-x.io http://chartmuseum.jenkins-x.io
WARNING: No secrets found on "helm/repos" due: reading the secret "helm/repos" from vault: no secret "helm/repos" not found in vault
Read credentials for http://chartmuseum.jenkins-x.io from vault helm/repos
Successfully added Helm repository chartmuseum.jenkins-x.io.
