
Showing logs for build [32mcb-kubecd-environment-pr-120-61-4ghcb-1[0m stage [32mfrom-build-pack[0m and container [32mstep-credential-initializer-9bxxl[0m
{"level":"warn","ts":1577583860.4239209,"logger":"fallback-logger","caller":"logging/config.go:69","msg":"Fetch GitHub commit ID from kodata failed: \"ref: refs/heads/master\" is not a valid GitHub commit ID"}
{"level":"info","ts":1577583860.4269154,"logger":"fallback-logger","caller":"creds-init/main.go:40","msg":"Credentials initialized."}

Showing logs for build [32mcb-kubecd-environment-pr-120-61-4ghcb-1[0m stage [32mfrom-build-pack[0m and container [32mstep-working-dir-initializer-f5bnj[0m
{"level":"warn","ts":1577583861.0288384,"logger":"fallback-logger","caller":"logging/config.go:69","msg":"Fetch GitHub commit ID from kodata failed: open /var/run/ko/HEAD: no such file or directory"}
{"level":"info","ts":1577583861.0299652,"logger":"fallback-logger","caller":"bash/main.go:65","msg":"Successfully executed command \"mkdir -p /workspace/source\""}

Showing logs for build [32mcb-kubecd-environment-pr-120-61-4ghcb-1[0m stage [32mfrom-build-pack[0m and container [32mstep-place-tools[0m

Showing logs for build [32mcb-kubecd-environment-pr-120-61-4ghcb-1[0m stage [32mfrom-build-pack[0m and container [32mstep-git-source-cb-kubecd-environment-pr-120-61-xrwvp[0m
{"level":"warn","ts":1577583865.438192,"logger":"fallback-logger","caller":"logging/config.go:69","msg":"Fetch GitHub commit ID from kodata failed: \"ref: refs/heads/master\" is not a valid GitHub commit ID"}
{"level":"info","ts":1577583866.5760648,"logger":"fallback-logger","caller":"git/git.go:102","msg":"Successfully cloned https://github.com/cb-kubecd/environment-pr-120-61-boot-gke-staging.git @ master in path /workspace/source"}

Showing logs for build [32mcb-kubecd-environment-pr-120-61-4ghcb-1[0m stage [32mfrom-build-pack[0m and container [32mstep-git-merge[0m
Using SHAs from PULL_REFS=master:a58a35f82f082084a094659b72909abd2d8cedb2,7:0437ee6c530b8ec3b540b415dc387a6f007df883
DEBUG: ran git fetch --unshallow origin 0437ee6c530b8ec3b540b415dc387a6f007df883: a58a35f82f082084a094659b72909abd2d8cedb2: in 
DEBUG: ran git checkout master in 
DEBUG: ran git reset --hard a58a35f82f082084a094659b72909abd2d8cedb2 in 
DEBUG: ran clean --force -d . in 
DEBUG: ran git merge 0437ee6c530b8ec3b540b415dc387a6f007df883 in 
Merged SHA 0437ee6c530b8ec3b540b415dc387a6f007df883 with commit message 'chore: Promote bdd-nh-import-1577582715 to version 0.0.1' into base branch master

Showing logs for build [32mcb-kubecd-environment-pr-120-61-4ghcb-1[0m stage [32mfrom-build-pack[0m and container [32mstep-build-helm-build[0m
WARNING: No $CHART_REPOSITORY defined so using the default value of: http://jenkins-x-chartmuseum:8080
Adding missing Helm repo: storage.googleapis.com https://storage.googleapis.com/chartmuseum.jenkins-x.io
WARNING: No secrets found on "helm/repos" due: reading the secret "helm/repos" from vault: no secret "helm/repos" not found in vault
Read credentials for https://storage.googleapis.com/chartmuseum.jenkins-x.io from vault helm/repos
Successfully added Helm repository storage.googleapis.com.
Adding missing Helm repo: jenkins-x-chartmuseum http://jenkins-x-chartmuseum:8080
WARNING: No secrets found on "helm/repos" due: reading the secret "helm/repos" from vault: no secret "helm/repos" not found in vault
Read credentials for http://jenkins-x-chartmuseum:8080 from vault helm/repos
Successfully added Helm repository jenkins-x-chartmuseum.
WARNING: No $CHART_REPOSITORY defined so using the default value of: http://jenkins-x-chartmuseum:8080
Adding missing Helm repo: chartmuseum.jenkins-x.io http://chartmuseum.jenkins-x.io
WARNING: No secrets found on "helm/repos" due: reading the secret "helm/repos" from vault: no secret "helm/repos" not found in vault
Read credentials for http://chartmuseum.jenkins-x.io from vault helm/repos
Successfully added Helm repository chartmuseum.jenkins-x.io.
