
Showing logs for build [32mcb-kubecd-environment-pr-120-61-k4vxk-1[0m stage [32mfrom-build-pack[0m and container [32mstep-credential-initializer-f924l[0m
{"level":"warn","ts":1577580744.352018,"logger":"fallback-logger","caller":"logging/config.go:69","msg":"Fetch GitHub commit ID from kodata failed: \"ref: refs/heads/master\" is not a valid GitHub commit ID"}
{"level":"info","ts":1577580744.3527682,"logger":"fallback-logger","caller":"creds-init/main.go:40","msg":"Credentials initialized."}

Showing logs for build [32mcb-kubecd-environment-pr-120-61-k4vxk-1[0m stage [32mfrom-build-pack[0m and container [32mstep-working-dir-initializer-cxrvl[0m
{"level":"warn","ts":1577580744.8639529,"logger":"fallback-logger","caller":"logging/config.go:69","msg":"Fetch GitHub commit ID from kodata failed: open /var/run/ko/HEAD: no such file or directory"}
{"level":"info","ts":1577580744.8676112,"logger":"fallback-logger","caller":"bash/main.go:65","msg":"Successfully executed command \"mkdir -p /workspace/source\""}

Showing logs for build [32mcb-kubecd-environment-pr-120-61-k4vxk-1[0m stage [32mfrom-build-pack[0m and container [32mstep-place-tools[0m

Showing logs for build [32mcb-kubecd-environment-pr-120-61-k4vxk-1[0m stage [32mfrom-build-pack[0m and container [32mstep-git-source-cb-kubecd-environment-pr-120-61-nk9q5[0m
{"level":"warn","ts":1577580748.921098,"logger":"fallback-logger","caller":"logging/config.go:69","msg":"Fetch GitHub commit ID from kodata failed: \"ref: refs/heads/master\" is not a valid GitHub commit ID"}
{"level":"info","ts":1577580750.0701563,"logger":"fallback-logger","caller":"git/git.go:102","msg":"Successfully cloned https://github.com/cb-kubecd/environment-pr-120-61-boot-gke-staging.git @ master in path /workspace/source"}

Showing logs for build [32mcb-kubecd-environment-pr-120-61-k4vxk-1[0m stage [32mfrom-build-pack[0m and container [32mstep-git-merge[0m
Using SHAs from PULL_REFS=master:1929e09d017eaeec2f21ea6e82060d0a58b47c72,2:4ac9e1da68752d0064d31ad32f353fd55d5d41b8
DEBUG: ran git fetch --unshallow origin 4ac9e1da68752d0064d31ad32f353fd55d5d41b8: 1929e09d017eaeec2f21ea6e82060d0a58b47c72: in 
DEBUG: ran git checkout master in 
DEBUG: ran git reset --hard 1929e09d017eaeec2f21ea6e82060d0a58b47c72 in 
DEBUG: ran clean --force -d . in 
DEBUG: ran git merge 4ac9e1da68752d0064d31ad32f353fd55d5d41b8 in 
Merged SHA 4ac9e1da68752d0064d31ad32f353fd55d5d41b8 with commit message 'chore: Promote bdd-nh-1577580399 to version 0.0.1' into base branch master

Showing logs for build [32mcb-kubecd-environment-pr-120-61-k4vxk-1[0m stage [32mfrom-build-pack[0m and container [32mstep-build-helm-build[0m
WARNING: No $CHART_REPOSITORY defined so using the default value of: http://jenkins-x-chartmuseum:8080
Adding missing Helm repo: storage.googleapis.com https://storage.googleapis.com/chartmuseum.jenkins-x.io
WARNING: No secrets found on "helm/repos" due: reading the secret "helm/repos" from vault: no secret "helm/repos" not found in vault
Read credentials for https://storage.googleapis.com/chartmuseum.jenkins-x.io from vault helm/repos
Successfully added Helm repository storage.googleapis.com.
Adding missing Helm repo: jenkins-x-chartmuseum http://jenkins-x-chartmuseum:8080
WARNING: No secrets found on "helm/repos" due: reading the secret "helm/repos" from vault: no secret "helm/repos" not found in vault
Read credentials for http://jenkins-x-chartmuseum:8080 from vault helm/repos
Successfully added Helm repository jenkins-x-chartmuseum.
WARNING: No $CHART_REPOSITORY defined so using the default value of: http://jenkins-x-chartmuseum:8080
Adding missing Helm repo: chartmuseum.jenkins-x.io http://chartmuseum.jenkins-x.io
WARNING: No secrets found on "helm/repos" due: reading the secret "helm/repos" from vault: no secret "helm/repos" not found in vault
Read credentials for http://chartmuseum.jenkins-x.io from vault helm/repos
Successfully added Helm repository chartmuseum.jenkins-x.io.
