
Showing logs for build [32mcb-kubecd-environment-pr-120-61-klxhb-1[0m stage [32mfrom-build-pack[0m and container [32mstep-credential-initializer-cxjbz[0m
{"level":"warn","ts":1577581435.3697793,"logger":"fallback-logger","caller":"logging/config.go:69","msg":"Fetch GitHub commit ID from kodata failed: \"ref: refs/heads/master\" is not a valid GitHub commit ID"}
{"level":"info","ts":1577581435.3704698,"logger":"fallback-logger","caller":"creds-init/main.go:40","msg":"Credentials initialized."}

Showing logs for build [32mcb-kubecd-environment-pr-120-61-klxhb-1[0m stage [32mfrom-build-pack[0m and container [32mstep-working-dir-initializer-h4bgk[0m
{"level":"warn","ts":1577581436.5007074,"logger":"fallback-logger","caller":"logging/config.go:69","msg":"Fetch GitHub commit ID from kodata failed: open /var/run/ko/HEAD: no such file or directory"}
{"level":"info","ts":1577581436.502268,"logger":"fallback-logger","caller":"bash/main.go:65","msg":"Successfully executed command \"mkdir -p /workspace/source\""}

Showing logs for build [32mcb-kubecd-environment-pr-120-61-klxhb-1[0m stage [32mfrom-build-pack[0m and container [32mstep-place-tools[0m

Showing logs for build [32mcb-kubecd-environment-pr-120-61-klxhb-1[0m stage [32mfrom-build-pack[0m and container [32mstep-git-source-cb-kubecd-environment-pr-120-61-6qt66[0m
{"level":"warn","ts":1577581441.6484857,"logger":"fallback-logger","caller":"logging/config.go:69","msg":"Fetch GitHub commit ID from kodata failed: \"ref: refs/heads/master\" is not a valid GitHub commit ID"}
{"level":"info","ts":1577581442.256201,"logger":"fallback-logger","caller":"git/git.go:102","msg":"Successfully cloned https://github.com/cb-kubecd/environment-pr-120-61-boot-gke-staging.git @ master in path /workspace/source"}

Showing logs for build [32mcb-kubecd-environment-pr-120-61-klxhb-1[0m stage [32mfrom-build-pack[0m and container [32mstep-git-merge[0m
Using SHAs from PULL_REFS=master:d777eaf6f110b2fbc7af1580bd458b73ce9bd4d4,3:d52ae7f181ffdb767240e15752c8aab5ad328173
DEBUG: ran git fetch --unshallow origin d52ae7f181ffdb767240e15752c8aab5ad328173: d777eaf6f110b2fbc7af1580bd458b73ce9bd4d4: in 
DEBUG: ran git checkout master in 
DEBUG: ran git reset --hard d777eaf6f110b2fbc7af1580bd458b73ce9bd4d4 in 
DEBUG: ran clean --force -d . in 
DEBUG: ran git merge d52ae7f181ffdb767240e15752c8aab5ad328173 in 
Merged SHA d52ae7f181ffdb767240e15752c8aab5ad328173 with commit message 'chore: Promote bdd-sbhg-1577580399 to version 0.0.1' into base branch master

Showing logs for build [32mcb-kubecd-environment-pr-120-61-klxhb-1[0m stage [32mfrom-build-pack[0m and container [32mstep-build-helm-build[0m
WARNING: No $CHART_REPOSITORY defined so using the default value of: http://jenkins-x-chartmuseum:8080
Adding missing Helm repo: storage.googleapis.com https://storage.googleapis.com/chartmuseum.jenkins-x.io
WARNING: No secrets found on "helm/repos" due: reading the secret "helm/repos" from vault: no secret "helm/repos" not found in vault
Read credentials for https://storage.googleapis.com/chartmuseum.jenkins-x.io from vault helm/repos
Successfully added Helm repository storage.googleapis.com.
Adding missing Helm repo: jenkins-x-chartmuseum http://jenkins-x-chartmuseum:8080
WARNING: No secrets found on "helm/repos" due: reading the secret "helm/repos" from vault: no secret "helm/repos" not found in vault
Read credentials for http://jenkins-x-chartmuseum:8080 from vault helm/repos
Successfully added Helm repository jenkins-x-chartmuseum.
WARNING: No $CHART_REPOSITORY defined so using the default value of: http://jenkins-x-chartmuseum:8080
Adding missing Helm repo: chartmuseum.jenkins-x.io http://chartmuseum.jenkins-x.io
WARNING: No secrets found on "helm/repos" due: reading the secret "helm/repos" from vault: no secret "helm/repos" not found in vault
Read credentials for http://chartmuseum.jenkins-x.io from vault helm/repos
Successfully added Helm repository chartmuseum.jenkins-x.io.
