
Showing logs for build [32mcb-kubecd-environment-pr-120-61-qnfbl-1[0m stage [32mfrom-build-pack[0m and container [32mstep-credential-initializer-xmr25[0m
{"level":"warn","ts":1577582300.3488653,"logger":"fallback-logger","caller":"logging/config.go:69","msg":"Fetch GitHub commit ID from kodata failed: \"ref: refs/heads/master\" is not a valid GitHub commit ID"}
{"level":"info","ts":1577582300.349584,"logger":"fallback-logger","caller":"creds-init/main.go:40","msg":"Credentials initialized."}

Showing logs for build [32mcb-kubecd-environment-pr-120-61-qnfbl-1[0m stage [32mfrom-build-pack[0m and container [32mstep-working-dir-initializer-xsv62[0m
{"level":"warn","ts":1577582301.3179564,"logger":"fallback-logger","caller":"logging/config.go:69","msg":"Fetch GitHub commit ID from kodata failed: open /var/run/ko/HEAD: no such file or directory"}
{"level":"info","ts":1577582301.3214962,"logger":"fallback-logger","caller":"bash/main.go:65","msg":"Successfully executed command \"mkdir -p /workspace/source\""}

Showing logs for build [32mcb-kubecd-environment-pr-120-61-qnfbl-1[0m stage [32mfrom-build-pack[0m and container [32mstep-place-tools[0m

Showing logs for build [32mcb-kubecd-environment-pr-120-61-qnfbl-1[0m stage [32mfrom-build-pack[0m and container [32mstep-git-source-cb-kubecd-environment-pr-120-61-pfz5k[0m
{"level":"warn","ts":1577582334.4768693,"logger":"fallback-logger","caller":"logging/config.go:69","msg":"Fetch GitHub commit ID from kodata failed: \"ref: refs/heads/master\" is not a valid GitHub commit ID"}
{"level":"info","ts":1577582335.6871834,"logger":"fallback-logger","caller":"git/git.go:102","msg":"Successfully cloned https://github.com/cb-kubecd/environment-pr-120-61-boot-gke-staging.git @ master in path /workspace/source"}

Showing logs for build [32mcb-kubecd-environment-pr-120-61-qnfbl-1[0m stage [32mfrom-build-pack[0m and container [32mstep-git-merge[0m
Using SHAs from PULL_REFS=master:247bf770849bf9e49f203b6ddd4862ea373e582a,4:bdb9f1b17fcc8669a625b72ec3bf14ca12f68c1c
DEBUG: ran git fetch --unshallow origin bdb9f1b17fcc8669a625b72ec3bf14ca12f68c1c: 247bf770849bf9e49f203b6ddd4862ea373e582a: in 
DEBUG: ran git checkout master in 
DEBUG: ran git reset --hard 247bf770849bf9e49f203b6ddd4862ea373e582a in 
DEBUG: ran clean --force -d . in 
DEBUG: ran git merge bdb9f1b17fcc8669a625b72ec3bf14ca12f68c1c in 
Merged SHA bdb9f1b17fcc8669a625b72ec3bf14ca12f68c1c with commit message 'chore: Promote bdd-gh-1577580399 to version 0.0.1' into base branch master

Showing logs for build [32mcb-kubecd-environment-pr-120-61-qnfbl-1[0m stage [32mfrom-build-pack[0m and container [32mstep-build-helm-build[0m
WARNING: No $CHART_REPOSITORY defined so using the default value of: http://jenkins-x-chartmuseum:8080
Adding missing Helm repo: storage.googleapis.com https://storage.googleapis.com/chartmuseum.jenkins-x.io
WARNING: No secrets found on "helm/repos" due: reading the secret "helm/repos" from vault: no secret "helm/repos" not found in vault
Read credentials for https://storage.googleapis.com/chartmuseum.jenkins-x.io from vault helm/repos
Successfully added Helm repository storage.googleapis.com.
Adding missing Helm repo: jenkins-x-chartmuseum http://jenkins-x-chartmuseum:8080
WARNING: No secrets found on "helm/repos" due: reading the secret "helm/repos" from vault: no secret "helm/repos" not found in vault
Read credentials for http://jenkins-x-chartmuseum:8080 from vault helm/repos
Successfully added Helm repository jenkins-x-chartmuseum.
WARNING: No $CHART_REPOSITORY defined so using the default value of: http://jenkins-x-chartmuseum:8080
Adding missing Helm repo: chartmuseum.jenkins-x.io http://chartmuseum.jenkins-x.io
WARNING: No secrets found on "helm/repos" due: reading the secret "helm/repos" from vault: no secret "helm/repos" not found in vault
Read credentials for http://chartmuseum.jenkins-x.io from vault helm/repos
Successfully added Helm repository chartmuseum.jenkins-x.io.
